<?xml version="1.0" encoding="UTF-8"?>
<!-- Generated by org.testng.reporters.JUnitXMLReporter -->
<testsuite ignored="0" hostname="LAPTOP-DI1V5LOI" failures="0" tests="1" name="Test2" time="0.025" errors="0" timestamp="2023-02-24T10:53:24 CST">
  <testcase classname="testbase.TestBase" name="@BeforeTest launchBrowser" time="-1.677257604351E9">
    <failure type="org.testng.TestNGException" message="
Parameter &amp;apos;browserName&amp;apos; is required by BeforeTest on method launchBrowser but has not been marked @Optional or defined
in C:\Users\nagav\eclipse-workspace\AutomationStepByStep\MagentoSelenium\testng1.xml">
      <![CDATA[org.testng.TestNGException: 
Parameter 'browserName' is required by BeforeTest on method launchBrowser but has not been marked @Optional or defined
in C:\Users\nagav\eclipse-workspace\AutomationStepByStep\MagentoSelenium\testng1.xml
... Removed 21 stack frames]]>
    </failure>
  </testcase> <!-- @BeforeTest launchBrowser -->
  <testcase classname="testbase.TestBase" name="@AfterTest endTest" time="0.013">
    <failure type="java.lang.NullPointerException" message="Cannot invoke &amp;quot;org.openqa.selenium.WebDriver.close()&amp;quot; because &amp;quot;testbase.TestBase.driver&amp;quot; is null">
      <![CDATA[java.lang.NullPointerException: Cannot invoke "org.openqa.selenium.WebDriver.close()" because "testbase.TestBase.driver" is null
at testbase.TestBase.endTest(TestBase.java:83)
... Removed 24 stack frames]]>
    </failure>
  </testcase> <!-- @AfterTest endTest -->
  <testcase classname="tests.MagentoSearch" name="MagentoSearchTest" time="0.0">
    <skipped/>
  </testcase> <!-- MagentoSearchTest -->
</testsuite> <!-- Test2 -->
