<?xml version="1.0" encoding="UTF-8"?>
<!-- Generated by org.testng.reporters.JUnitXMLReporter -->
<testsuite ignored="0" hostname="LAPTOP-DI1V5LOI" failures="1" tests="1" name="Test1" time="34.002" errors="0" timestamp="2023-02-22T09:23:14 CST">
  <testcase classname="tests.MagentoSearch" name="MagentoSearchTest" time="33.256">
    <failure type="java.lang.AssertionError" message="expected [10] but found [4]">
      <![CDATA[java.lang.AssertionError: expected [10] but found [4]
at tests.MagentoSearch.MagentoSearchTest(MagentoSearch.java:49)
at java.base/java.util.ArrayList.forEach(ArrayList.java:1511)
... Removed 33 stack frames]]>
    </failure>
  </testcase> <!-- MagentoSearchTest -->
</testsuite> <!-- Test1 -->
