<?xml version="1.0" encoding="UTF-8"?>
<!-- Generated by org.testng.reporters.JUnitXMLReporter -->
<testsuite ignored="8" hostname="LAPTOP-DI1V5LOI" failures="0" tests="6" name="Test on Chrome" time="0.045" errors="0" timestamp="2023-02-24T10:53:24 CST">
  <testcase classname="testbase.TestBase" name="@BeforeTest launchBrowser" time="-1.677257604384E9">
    <failure type="org.testng.TestNGException" message="
Parameter &amp;apos;browserName&amp;apos; is required by BeforeTest on method launchBrowser but has not been marked @Optional or defined
in C:\Users\nagav\eclipse-workspace\AutomationStepByStep\MagentoSelenium\testng1.xml">
      <![CDATA[org.testng.TestNGException: 
Parameter 'browserName' is required by BeforeTest on method launchBrowser but has not been marked @Optional or defined
in C:\Users\nagav\eclipse-workspace\AutomationStepByStep\MagentoSelenium\testng1.xml
... Removed 21 stack frames]]>
    </failure>
  </testcase> <!-- @BeforeTest launchBrowser -->
  <testcase classname="testbase.TestBase" name="@AfterTest endTest" time="0.015">
    <failure type="java.lang.NullPointerException" message="Cannot invoke &amp;quot;org.openqa.selenium.WebDriver.close()&amp;quot; because &amp;quot;testbase.TestBase.driver&amp;quot; is null">
      <![CDATA[java.lang.NullPointerException: Cannot invoke "org.openqa.selenium.WebDriver.close()" because "testbase.TestBase.driver" is null
at testbase.TestBase.endTest(TestBase.java:83)
... Removed 24 stack frames]]>
    </failure>
  </testcase> <!-- @AfterTest endTest -->
  <testcase classname="tests.HomepageTest" name="Homepagetest" time="0.0">
    <skipped/>
  </testcase> <!-- Homepagetest -->
  <testcase classname="tests.HomepageTest" name="verifyLogo" time="0.0">
    <skipped/>
  </testcase> <!-- verifyLogo -->
  <testcase classname="tests.MagentoLoginTest" name="MagentoLogintest" time="0.0">
    <skipped/>
  </testcase> <!-- MagentoLogintest -->
  <testcase classname="tests.MagentoCreateAccountTest" name="MagentocreateAccount" time="0.0">
    <skipped/>
  </testcase> <!-- MagentocreateAccount -->
  <testcase classname="tests.MagentoAddItemtoCart" name="MagentoAddItemsTest" time="0.0">
    <skipped/>
  </testcase> <!-- MagentoAddItemsTest -->
  <testcase classname="tests.MagentoSortItems_Price" name="MagentoSortbyPriceTest" time="0.0">
    <skipped/>
  </testcase> <!-- MagentoSortbyPriceTest -->
  <testcase classname="testbase.TestBase" name="@AfterTest endTest" time="0.0">
    <ignored/>
  </testcase> <!-- @AfterTest endTest -->
  <testcase classname="testbase.TestBase" name="@AfterTest endTest" time="0.0">
    <ignored/>
  </testcase> <!-- @AfterTest endTest -->
  <testcase classname="testbase.TestBase" name="@AfterTest endTest" time="0.0">
    <ignored/>
  </testcase> <!-- @AfterTest endTest -->
  <testcase classname="testbase.TestBase" name="@AfterTest endTest" time="0.0">
    <ignored/>
  </testcase> <!-- @AfterTest endTest -->
  <testcase classname="testbase.TestBase" name="@BeforeTest launchBrowser" time="0.0">
    <ignored/>
  </testcase> <!-- @BeforeTest launchBrowser -->
  <testcase classname="testbase.TestBase" name="@BeforeTest launchBrowser" time="0.0">
    <ignored/>
  </testcase> <!-- @BeforeTest launchBrowser -->
  <testcase classname="testbase.TestBase" name="@BeforeTest launchBrowser" time="0.0">
    <ignored/>
  </testcase> <!-- @BeforeTest launchBrowser -->
  <testcase classname="testbase.TestBase" name="@BeforeTest launchBrowser" time="0.0">
    <ignored/>
  </testcase> <!-- @BeforeTest launchBrowser -->
</testsuite> <!-- Test on Chrome -->
