<?xml version="1.0" encoding="UTF-8"?>
<!-- Generated by org.testng.reporters.JUnitXMLReporter -->
<testsuite ignored="0" hostname="LAPTOP-DI1V5LOI" failures="1" tests="1" name="Test12" time="14.799" errors="0" timestamp="2023-03-06T09:18:39 CST">
  <testcase classname="tests.MagentoStoreNavigationTest" name="NavigationTest" time="11.693">
    <failure type="java.lang.AssertionError" message="expected [Fitness] but found [Fitness Equipment]">
      <![CDATA[java.lang.AssertionError: expected [Fitness] but found [Fitness Equipment]
at tests.MagentoStoreNavigationTest.NavigationTest(MagentoStoreNavigationTest.java:26)
at java.base/java.util.ArrayList.forEach(ArrayList.java:1511)
... Removed 33 stack frames]]>
    </failure>
  </testcase> <!-- NavigationTest -->
</testsuite> <!-- Test12 -->
