<?xml version="1.0" encoding="UTF-8"?>
<!-- Generated by org.testng.reporters.JUnitXMLReporter -->
<testsuite ignored="0" hostname="LAPTOP-DI1V5LOI" failures="1" tests="1" name="Test" time="20.94" errors="0" timestamp="2023-02-24T15:56:37 CST">
  <testcase classname="tests.MagentoSearch" name="MagentoSearchTest" time="16.435">
    <failure type="java.lang.AssertionError" message="expected [23] but found [0]">
      <![CDATA[java.lang.AssertionError: expected [23] but found [0]
at tests.MagentoSearch.MagentoSearchTest(MagentoSearch.java:55)
at java.base/java.util.ArrayList.forEach(ArrayList.java:1511)
... Removed 33 stack frames]]>
    </failure>
  </testcase> <!-- MagentoSearchTest -->
</testsuite> <!-- Test -->
