<?xml version="1.0" encoding="UTF-8"?>
<!-- Generated by org.testng.reporters.JUnitXMLReporter -->
<testsuite ignored="3" hostname="LAPTOP-DI1V5LOI" failures="1" tests="3" name="Test1" time="20.605" errors="0" timestamp="2023-02-16T14:54:26 CST">
  <testcase classname="tests.HomepageTest" name="Homepagetest" time="3.21">
    <failure type="java.lang.AssertionError" message="expected [Home Page - Magento eCommerce] but found [Home Page - Magento eCommerce - website to practice selenium | demo website for automation testing | selenium practice sites | selenium demo sites | best website to practice selenium automation | automation practice sites Magento Commerce - website to practice selenium | demo website for automation testing | selenium practice sites]">
      <![CDATA[java.lang.AssertionError: expected [Home Page - Magento eCommerce] but found [Home Page - Magento eCommerce - website to practice selenium | demo website for automation testing | selenium practice sites | selenium demo sites | best website to practice selenium automation | automation practice sites Magento Commerce - website to practice selenium | demo website for automation testing | selenium practice sites]
at tests.HomepageTest.Homepagetest(HomepageTest.java:32)
at java.base/java.util.ArrayList.forEach(ArrayList.java:1511)
... Removed 33 stack frames]]>
    </failure>
  </testcase> <!-- Homepagetest -->
  <testcase classname="tests.HomepageTest" name="verifyLogo" time="4.701"/>
  <testcase classname="tests.MagentoLoginTest" name="MagentoLogintest" time="10.981"/>
  <testcase classname="testbase.TestBase" name="@AfterTest endTest" time="0.0">
    <ignored/>
  </testcase> <!-- @AfterTest endTest -->
  <testcase classname="testbase.TestBase" name="@AfterTest endTest" time="0.0">
    <ignored/>
  </testcase> <!-- @AfterTest endTest -->
  <testcase classname="tests.LaunchbrowserTest" name="browserTest" time="0.0">
    <ignored/>
  </testcase> <!-- browserTest -->
</testsuite> <!-- Test1 -->
