<?xml version="1.0" encoding="UTF-8"?>
<!-- Generated by org.testng.reporters.JUnitXMLReporter -->
<testsuite ignored="2" hostname="LAPTOP-DI1V5LOI" failures="3" tests="8" name="LoginTest" time="176.15" errors="0" timestamp="2023-02-24T16:27:41 CST">
  <testcase classname="DDtests.DDOrangeLoginTest" name="InvalidLogintest" time="10.582"/>
  <testcase classname="DDtests.DDOrangeLoginTest" name="InvalidLogintest" time="3.757"/>
  <testcase classname="DDtests.DDOrangeLoginTest" name="InvalidLogintest" time="3.781"/>
  <testcase classname="DDtests.DDOrangeLoginTest" name="InvalidLogintest" time="4.23"/>
  <testcase classname="DDtests.DDMagentoSearchTest" name="MagentoSearchTest" time="51.268">
    <failure type="java.lang.AssertionError" message="expected [10] but found [4]">
      <![CDATA[java.lang.AssertionError: expected [10] but found [4]
at DDtests.DDMagentoSearchTest.MagentoSearchTest(DDMagentoSearchTest.java:57)
at java.base/java.util.ArrayList.forEach(ArrayList.java:1511)
... Removed 33 stack frames]]>
    </failure>
  </testcase> <!-- MagentoSearchTest -->
  <testcase classname="DDtests.DDMagentoSearchTest" name="MagentoSearchTest" time="30.459"/>
  <testcase classname="DDtests.DDMagentoSearchTest" name="MagentoSearchTest" time="16.087">
    <failure type="java.lang.AssertionError" message="expected [23] but found [17]">
      <![CDATA[java.lang.AssertionError: expected [23] but found [17]
at DDtests.DDMagentoSearchTest.MagentoSearchTest(DDMagentoSearchTest.java:57)
at java.base/java.util.ArrayList.forEach(ArrayList.java:1511)
... Removed 33 stack frames]]>
    </failure>
  </testcase> <!-- MagentoSearchTest -->
  <testcase classname="DDtests.DDMagentoSearchTest" name="MagentoSearchTest" time="50.602">
    <failure type="java.lang.AssertionError" message="expected [1] but found [0]">
      <![CDATA[java.lang.AssertionError: expected [1] but found [0]
at DDtests.DDMagentoSearchTest.MagentoSearchTest(DDMagentoSearchTest.java:57)
at java.base/java.util.ArrayList.forEach(ArrayList.java:1511)
... Removed 33 stack frames]]>
    </failure>
  </testcase> <!-- MagentoSearchTest -->
  <testcase classname="testbase.TestBase" name="@AfterTest endTest" time="0.0">
    <ignored/>
  </testcase> <!-- @AfterTest endTest -->
  <testcase classname="testbase.TestBase" name="@BeforeTest launchBrowser" time="0.0">
    <ignored/>
  </testcase> <!-- @BeforeTest launchBrowser -->
</testsuite> <!-- LoginTest -->
