<!DOCTYPE html PUBLIC "-//W3C//DTD XHTML 1.1//EN" "https://www.w3.org/TR/xhtml11/DTD/xhtml11.dtd">
<html xmlns="https://www.w3.org/1999/xhtml">
<head>
<meta http-equiv="content-type" content="text/html; charset=UTF-8"/>
<title>TestNG Report</title>
<style type="text/css">table {margin-bottom:10px;border-collapse:collapse;empty-cells:show}th,td {border:1px solid #009;padding:.25em .5em}th {vertical-align:bottom}td {vertical-align:top}table a {font-weight:bold}.stripe td {background-color: #E6EBF9}.num {text-align:right}.passedodd td {background-color: #3F3}.passedeven td {background-color: #0A0}.skippedodd td {background-color: #DDD}.skippedeven td {background-color: #CCC}.failedodd td,.attn {background-color: #F33}.failedeven td,.stripe .attn {background-color: #D00}.stacktrace {white-space:pre;font-family:monospace}.totop {font-size:85%;text-align:center;border-bottom:2px solid #000}.invisible {display:none}</style>
</head>
<body>
<table>
<tr><th>Test</th><th># Passed</th><th># Skipped</th><th># Retried</th><th># Failed</th><th>Time (ms)</th><th>Included Groups</th><th>Excluded Groups</th></tr>
<tr><th colspan="8">Regression Test</th></tr>
<tr><td><a href="#t0">Regression Tests</a></td><td class="num">7</td><td class="num">0</td><td class="num">0</td><td class="num attn">2</td><td class="num">138,149</td><td>regression</td><td></td></tr>
</table>
<table id='summary'><thead><tr><th>Class</th><th>Method</th><th>Start</th><th>Time (ms)</th></tr></thead><tbody><tr><th colspan="4">Regression Test</th></tr></tbody><tbody id="t0"><tr><th colspan="4">Regression Tests &#8212; failed</th></tr><tr class="failedeven"><td rowspan="1">tests.HomepageTest</td><td><a href="#m0">Homepagetest</a></td><td rowspan="1">1677091710173</td><td rowspan="1">1632</td></tr><tr class="failedodd"><td rowspan="1">tests.MagentoSearch</td><td><a href="#m1">MagentoSearchTest</a></td><td rowspan="1">1677091678000</td><td rowspan="1">31863</td></tr><tr><th colspan="4">Regression Tests &#8212; passed</th></tr><tr class="passedeven"><td rowspan="1">tests.HomepageTest</td><td><a href="#m2">verifyLogo</a></td><td rowspan="1">1677091712390</td><td rowspan="1">4687</td></tr><tr class="passedodd"><td rowspan="1">tests.MagentoAddItemtoCart</td><td><a href="#m3">MagentoAddItemsTest</a></td><td rowspan="1">1677091621681</td><td rowspan="1">33580</td></tr><tr class="passedeven"><td rowspan="1">tests.MagentoCreateAccountTest</td><td><a href="#m4">MagentocreateAccount</a></td><td rowspan="1">1677091608778</td><td rowspan="1">12715</td></tr><tr class="passedodd"><td rowspan="1">tests.MagentoLoginTest</td><td><a href="#m5">MagentoLogintest</a></td><td rowspan="1">1677091594892</td><td rowspan="1">13696</td></tr><tr class="passedeven"><td rowspan="1">tests.MagentoSortItems_Price</td><td><a href="#m6">MagentoSortbyPriceTest</a></td><td rowspan="1">1677091655438</td><td rowspan="1">22378</td></tr><tr class="passedodd"><td rowspan="2">tests.OrangeHRMLoginTest</td><td><a href="#m7">InvalidLoginTest</a></td><td rowspan="1">1677091579569</td><td rowspan="1">7439</td></tr><tr class="passedodd"><td><a href="#m8">LoginTest</a></td><td rowspan="1">1677091587135</td><td rowspan="1">7628</td></tr></tbody>
</table>
<h2>Regression Tests</h2><h3 id="m0">tests.HomepageTest#Homepagetest</h3><table class="result"><tr><th>Exception</th></tr><tr><td><div class="stacktrace">java.lang.AssertionError: expected [Home Page - Magento eCommerce] but found [Home Page - Magento eCommerce - website to practice selenium | demo website for automation testing | selenium practice sites | selenium demo sites | best website to practice selenium automation | automation practice sites Magento Commerce - website to practice selenium | demo website for automation testing | selenium practice sites]
	at tests.HomepageTest.Homepagetest(HomepageTest.java:22)
	at java.base/java.util.ArrayList.forEach(ArrayList.java:1511)
... Removed 33 stack frames</div></td></tr></table><p class="totop"><a href="#summary">back to summary</a></p>
<h3 id="m1">tests.MagentoSearch#MagentoSearchTest</h3><table class="result"><tr class="param"><th>Parameter #1</th></tr><tr class="param stripe"><td>Bag</td></tr><tr><th>Exception</th></tr><tr><td><div class="stacktrace">java.lang.AssertionError: expected [10] but found [4]
	at tests.MagentoSearch.MagentoSearchTest(MagentoSearch.java:49)
	at java.base/java.util.ArrayList.forEach(ArrayList.java:1511)
... Removed 33 stack frames</div></td></tr></table><p class="totop"><a href="#summary">back to summary</a></p>
<h3 id="m2">tests.HomepageTest#verifyLogo</h3><table class="result"><tr><th class="invisible"/></tr></table><p class="totop"><a href="#summary">back to summary</a></p>
<h3 id="m3">tests.MagentoAddItemtoCart#MagentoAddItemsTest</h3><table class="result"><tr><th class="invisible"/></tr></table><p class="totop"><a href="#summary">back to summary</a></p>
<h3 id="m4">tests.MagentoCreateAccountTest#MagentocreateAccount</h3><table class="result"><tr><th class="invisible"/></tr></table><p class="totop"><a href="#summary">back to summary</a></p>
<h3 id="m5">tests.MagentoLoginTest#MagentoLogintest</h3><table class="result"><tr><th class="invisible"/></tr></table><p class="totop"><a href="#summary">back to summary</a></p>
<h3 id="m6">tests.MagentoSortItems_Price#MagentoSortbyPriceTest</h3><table class="result"><tr><th class="invisible"/></tr></table><p class="totop"><a href="#summary">back to summary</a></p>
<h3 id="m7">tests.OrangeHRMLoginTest#InvalidLoginTest</h3><table class="result"><tr class="param"><th>Parameter #1</th><th>Parameter #2</th></tr><tr class="param stripe"><td>Admin</td><td>Admin</td></tr></table><p class="totop"><a href="#summary">back to summary</a></p>
<h3 id="m8">tests.OrangeHRMLoginTest#LoginTest</h3><table class="result"><tr><th class="invisible"/></tr></table><p class="totop"><a href="#summary">back to summary</a></p>
</body>
</html>
