<?xml version="1.0" encoding="UTF-8"?>
<!-- Generated by org.testng.reporters.JUnitXMLReporter -->
<testsuite ignored="11" hostname="LAPTOP-DI1V5LOI" failures="1" tests="1" name="SmokeTest1" time="33.863" errors="0" timestamp="2023-02-22T12:38:40 CST">
  <testcase classname="testbase.TestBase" name="@AfterTest endTest" time="0.0">
    <failure type="java.lang.NullPointerException" message="Cannot invoke &amp;quot;com.aventstack.extentreports.ExtentReports.flush()&amp;quot; because &amp;quot;this.extent&amp;quot; is null">
      <![CDATA[java.lang.NullPointerException: Cannot invoke "com.aventstack.extentreports.ExtentReports.flush()" because "this.extent" is null
at testbase.TestBase.endTest(TestBase.java:63)
... Removed 24 stack frames]]>
    </failure>
  </testcase> <!-- @AfterTest endTest -->
  <testcase classname="tests.MagentoSearch" name="MagentoSearchTest" time="33.267">
    <failure type="java.lang.AssertionError" message="expected [10] but found [4]">
      <![CDATA[java.lang.AssertionError: expected [10] but found [4]
at tests.MagentoSearch.MagentoSearchTest(MagentoSearch.java:49)
at java.base/java.util.ArrayList.forEach(ArrayList.java:1511)
... Removed 33 stack frames]]>
    </failure>
  </testcase> <!-- MagentoSearchTest -->
  <testcase classname="tests.OrangeHRMLoginTest" name="InvalidLoginTest" time="0.0">
    <ignored/>
  </testcase> <!-- InvalidLoginTest -->
  <testcase classname="tests.OrangeHRMLoginTest" name="LoginTest" time="0.0">
    <ignored/>
  </testcase> <!-- LoginTest -->
  <testcase classname="tests.MagentoAddItemtoCart" name="MagentoAddItemsTest" time="0.0">
    <ignored/>
  </testcase> <!-- MagentoAddItemsTest -->
  <testcase classname="testbase.TestBase" name="@AfterTest endTest" time="0.0">
    <ignored/>
  </testcase> <!-- @AfterTest endTest -->
  <testcase classname="testbase.TestBase" name="@AfterTest endTest" time="0.0">
    <ignored/>
  </testcase> <!-- @AfterTest endTest -->
  <testcase classname="testbase.TestBase" name="@AfterTest endTest" time="0.0">
    <ignored/>
  </testcase> <!-- @AfterTest endTest -->
  <testcase classname="testbase.TestBase" name="@AfterTest endTest" time="0.0">
    <ignored/>
  </testcase> <!-- @AfterTest endTest -->
  <testcase classname="testbase.TestBase" name="@AfterTest endTest" time="0.0">
    <ignored/>
  </testcase> <!-- @AfterTest endTest -->
  <testcase classname="tests.MagentoSortItems_Price" name="MagentoSortbyPriceTest" time="0.0">
    <ignored/>
  </testcase> <!-- MagentoSortbyPriceTest -->
  <testcase classname="tests.MagentoCreateAccountTest" name="MagentocreateAccount" time="0.0">
    <ignored/>
  </testcase> <!-- MagentocreateAccount -->
  <testcase classname="tests.MagentoLoginTest" name="MagentoLogintest" time="0.0">
    <ignored/>
  </testcase> <!-- MagentoLogintest -->
</testsuite> <!-- SmokeTest1 -->
