<?xml version="1.0" encoding="UTF-8"?>
<!-- Generated by org.testng.reporters.JUnitXMLReporter -->
<testsuite ignored="6" hostname="LAPTOP-DI1V5LOI" failures="2" tests="9" name="Regression Tests" time="138.149" errors="0" timestamp="2023-02-22T12:48:37 CST">
  <testcase classname="tests.OrangeHRMLoginTest" name="InvalidLoginTest" time="7.439"/>
  <testcase classname="tests.OrangeHRMLoginTest" name="LoginTest" time="7.628"/>
  <testcase classname="tests.MagentoLoginTest" name="MagentoLogintest" time="13.696"/>
  <testcase classname="tests.MagentoCreateAccountTest" name="MagentocreateAccount" time="12.715"/>
  <testcase classname="tests.MagentoAddItemtoCart" name="MagentoAddItemsTest" time="33.58"/>
  <testcase classname="tests.MagentoSortItems_Price" name="MagentoSortbyPriceTest" time="22.378"/>
  <testcase classname="tests.MagentoSearch" name="MagentoSearchTest" time="31.863">
    <failure type="java.lang.AssertionError" message="expected [10] but found [4]">
      <![CDATA[java.lang.AssertionError: expected [10] but found [4]
at tests.MagentoSearch.MagentoSearchTest(MagentoSearch.java:49)
at java.base/java.util.ArrayList.forEach(ArrayList.java:1511)
... Removed 33 stack frames]]>
    </failure>
  </testcase> <!-- MagentoSearchTest -->
  <testcase classname="tests.HomepageTest" name="Homepagetest" time="1.632">
    <failure type="java.lang.AssertionError" message="expected [Home Page - Magento eCommerce] but found [Home Page - Magento eCommerce - website to practice selenium | demo website for automation testing | selenium practice sites | selenium demo sites | best website to practice selenium automation | automation practice sites Magento Commerce - website to practice selenium | demo website for automation testing | selenium practice sites]">
      <![CDATA[java.lang.AssertionError: expected [Home Page - Magento eCommerce] but found [Home Page - Magento eCommerce - website to practice selenium | demo website for automation testing | selenium practice sites | selenium demo sites | best website to practice selenium automation | automation practice sites Magento Commerce - website to practice selenium | demo website for automation testing | selenium practice sites]
at tests.HomepageTest.Homepagetest(HomepageTest.java:22)
at java.base/java.util.ArrayList.forEach(ArrayList.java:1511)
... Removed 33 stack frames]]>
    </failure>
  </testcase> <!-- Homepagetest -->
  <testcase classname="tests.HomepageTest" name="verifyLogo" time="4.687"/>
  <testcase classname="testbase.TestBase" name="@AfterTest endTest" time="0.0">
    <ignored/>
  </testcase> <!-- @AfterTest endTest -->
  <testcase classname="testbase.TestBase" name="@AfterTest endTest" time="0.0">
    <ignored/>
  </testcase> <!-- @AfterTest endTest -->
  <testcase classname="testbase.TestBase" name="@AfterTest endTest" time="0.0">
    <ignored/>
  </testcase> <!-- @AfterTest endTest -->
  <testcase classname="testbase.TestBase" name="@AfterTest endTest" time="0.0">
    <ignored/>
  </testcase> <!-- @AfterTest endTest -->
  <testcase classname="testbase.TestBase" name="@AfterTest endTest" time="0.0">
    <ignored/>
  </testcase> <!-- @AfterTest endTest -->
  <testcase classname="testbase.TestBase" name="@AfterTest endTest" time="0.0">
    <ignored/>
  </testcase> <!-- @AfterTest endTest -->
</testsuite> <!-- Regression Tests -->
