<?xml version="1.0" encoding="UTF-8"?>
<!-- Generated by org.testng.reporters.JUnitXMLReporter -->
<testsuite ignored="10" hostname="LAPTOP-DI1V5LOI" failures="1" tests="7" name="Test on Edge" time="116.642" errors="0" timestamp="2023-02-22T19:47:24 CST">
  <testcase classname="tests.OrangeHRMLoginTest" name="InvalidLoginTest" time="5.579"/>
  <testcase classname="tests.OrangeHRMLoginTest" name="LoginTest" time="3.457"/>
  <testcase classname="tests.MagentoLoginTest" name="MagentoLogintest" time="12.902"/>
  <testcase classname="tests.MagentoCreateAccountTest" name="MagentocreateAccount" time="13.085"/>
  <testcase classname="tests.MagentoAddItemtoCart" name="MagentoAddItemsTest" time="36.946"/>
  <testcase classname="tests.MagentoSortItems_Price" name="MagentoSortbyPriceTest" time="22.336"/>
  <testcase classname="tests.MagentoSearch" name="MagentoSearchTest" time="17.101">
    <failure type="java.lang.AssertionError" message="expected [23] but found [0]">
      <![CDATA[java.lang.AssertionError: expected [23] but found [0]
at tests.MagentoSearch.MagentoSearchTest(MagentoSearch.java:49)
at java.base/java.util.ArrayList.forEach(ArrayList.java:1511)
... Removed 33 stack frames]]>
    </failure>
  </testcase> <!-- MagentoSearchTest -->
  <testcase classname="testbase.TestBase" name="@AfterTest endTest" time="0.0">
    <ignored/>
  </testcase> <!-- @AfterTest endTest -->
  <testcase classname="testbase.TestBase" name="@AfterTest endTest" time="0.0">
    <ignored/>
  </testcase> <!-- @AfterTest endTest -->
  <testcase classname="testbase.TestBase" name="@AfterTest endTest" time="0.0">
    <ignored/>
  </testcase> <!-- @AfterTest endTest -->
  <testcase classname="testbase.TestBase" name="@AfterTest endTest" time="0.0">
    <ignored/>
  </testcase> <!-- @AfterTest endTest -->
  <testcase classname="testbase.TestBase" name="@AfterTest endTest" time="0.0">
    <ignored/>
  </testcase> <!-- @AfterTest endTest -->
  <testcase classname="testbase.TestBase" name="@BeforeTest launchBrowser" time="0.0">
    <ignored/>
  </testcase> <!-- @BeforeTest launchBrowser -->
  <testcase classname="testbase.TestBase" name="@BeforeTest launchBrowser" time="0.0">
    <ignored/>
  </testcase> <!-- @BeforeTest launchBrowser -->
  <testcase classname="testbase.TestBase" name="@BeforeTest launchBrowser" time="0.0">
    <ignored/>
  </testcase> <!-- @BeforeTest launchBrowser -->
  <testcase classname="testbase.TestBase" name="@BeforeTest launchBrowser" time="0.0">
    <ignored/>
  </testcase> <!-- @BeforeTest launchBrowser -->
  <testcase classname="testbase.TestBase" name="@BeforeTest launchBrowser" time="0.0">
    <ignored/>
  </testcase> <!-- @BeforeTest launchBrowser -->
</testsuite> <!-- Test on Edge -->
